Device: cuda:0
Checkpoint: /home/kailong/ECG/ECG/ECGFounder/PN-QRS/experiments/logs_real/zy2lki18/models/best_model.pt
LTDB dir: /home/kailong/ECG/ECG/data/PN-QRS/LTDB
WIN=10s  STRIDE=8s  OVERLAP=2s  TOL=150ms=19samp @ 128Hz
Chunk size: 3600s = 1 hour

Records with .dat: 7 total, processing 1: ['14134']

  Processing 14134...
    14134 chunk 4: 4/14h  pred_so_far=17284
    14134 chunk 8: 8/14h  pred_so_far=35179
    14134 chunk 12: 12/14h  pred_so_far=52259
  14134 (14h): TP=49545  FP=20  FN=87  ref=49632  Se=99.82%  P+=99.96%  F1=99.89%

===== LTDB Single-Lead QRS Evaluation =====
  Records: 1
  TP=49545  FP=20  FN=87
  Se  = 0.9982  (99.82%)
  P+  = 0.9996  (99.96%)
  F1  = 0.9989  (99.89%)
===========================================

  MIT-BIH v2 (reference): Se=99.51%  P+=99.88%  F1=99.69%
  LTDB (this run):         Se=99.82%  P+=99.96%  F1=99.89%
  dF1 = +0.20pp vs MIT-BIH v2
