Device: cuda:0
Checkpoint: /home/kailong/ECG/ECG/ECGFounder/PN-QRS/experiments/logs_real/zy2lki18/models/best_model.pt
LTDB dir: /home/kailong/ECG/ECG/data/PN-QRS/LTDB
WIN=10s  STRIDE=8s  OVERLAP=2s  TOL=150ms=19samp @ 128Hz
Chunk size: 3600s = 1 hour

Records with .dat: 7 total, processing 1: ['14046']

  Processing 14046...
    14046 chunk 4: 4/24h  pred_so_far=24012
    14046 chunk 8: 8/24h  pred_so_far=48703
    14046 chunk 12: 12/24h  pred_so_far=72791
    14046 chunk 16: 16/24h  pred_so_far=96682
    14046 chunk 20: 20/24h  pred_so_far=119993
    14046 chunk 24: 24/24h  pred_so_far=141722
  14046 (24h): TP=115042  FP=58  FN=236  ref=115278  Se=99.80%  P+=99.95%  F1=99.87%

===== LTDB Single-Lead QRS Evaluation =====
  Records: 1
  TP=115042  FP=58  FN=236
  Se  = 0.9980  (99.80%)
  P+  = 0.9995  (99.95%)
  F1  = 0.9987  (99.87%)
===========================================

  MIT-BIH v2 (reference): Se=99.51%  P+=99.88%  F1=99.69%
  LTDB (this run):         Se=99.80%  P+=99.95%  F1=99.87%
  dF1 = +0.18pp vs MIT-BIH v2
