Device: cuda:0
Checkpoint: /home/kailong/ECG/ECG/ECGFounder/PN-QRS/experiments/logs_real/zy2lki18/models/best_model.pt
LTDB dir: /home/kailong/ECG/ECG/data/PN-QRS/LTDB
WIN=10s  STRIDE=8s  OVERLAP=2s  TOL=150ms=19samp @ 128Hz
Chunk size: 3600s = 1 hour

Records with .dat: 7 total, processing 1: ['15814']

  Processing 15814...
    15814 chunk 4: 4/22h  pred_so_far=22797
    15814 chunk 8: 8/22h  pred_so_far=47916
    15814 chunk 12: 12/22h  pred_so_far=73328
    15814 chunk 16: 16/22h  pred_so_far=95138
    15814 chunk 20: 20/22h  pred_so_far=115069
  15814 (22h): TP=103051  FP=22  FN=303  ref=103354  Se=99.71%  P+=99.98%  F1=99.84%

===== LTDB Single-Lead QRS Evaluation =====
  Records: 1
  TP=103051  FP=22  FN=303
  Se  = 0.9971  (99.71%)
  P+  = 0.9998  (99.98%)
  F1  = 0.9984  (99.84%)
===========================================

  MIT-BIH v2 (reference): Se=99.51%  P+=99.88%  F1=99.69%
  LTDB (this run):         Se=99.71%  P+=99.98%  F1=99.84%
  dF1 = +0.15pp vs MIT-BIH v2
