Device: cuda:0
Checkpoint: /home/kailong/ECG/ECG/ECGFounder/PN-QRS/experiments/logs_real/zy2lki18/models/best_model.pt
LTDB dir: /home/kailong/ECG/ECG/data/PN-QRS/LTDB
WIN=10s  STRIDE=8s  OVERLAP=2s  TOL=150ms=19samp @ 128Hz
Chunk size: 3600s = 1 hour

Records with .dat: 7 total, processing 1: ['14149']

  Processing 14149...
    14149 chunk 4: 4/24h  pred_so_far=30505
    14149 chunk 8: 8/24h  pred_so_far=63061
    14149 chunk 12: 12/24h  pred_so_far=97191
    14149 chunk 16: 16/24h  pred_so_far=126751
    14149 chunk 20: 20/24h  pred_so_far=153824
    14149 chunk 24: 24/24h  pred_so_far=182754
  14149 (24h): TP=144516  FP=3643  FN=302  ref=144818  Se=99.79%  P+=97.54%  F1=98.65%

===== LTDB Single-Lead QRS Evaluation =====
  Records: 1
  TP=144516  FP=3643  FN=302
  Se  = 0.9979  (99.79%)
  P+  = 0.9754  (97.54%)
  F1  = 0.9865  (98.65%)
===========================================

  MIT-BIH v2 (reference): Se=99.51%  P+=99.88%  F1=99.69%
  LTDB (this run):         Se=99.79%  P+=97.54%  F1=98.65%
  dF1 = -1.04pp vs MIT-BIH v2
